Using pre-set license
Built from '2020.3/staging' branch; Version is '2020.3.5f1 (8095aa901b9b) revision 8426922'; Using compiler version '192528614'; Build Type 'Release'
OS: 'Windows 10 Pro; OS build 19042.985; Version 2009; 64bit' Language: 'en' Physical Memory: 16334 MB
BatchMode: 1, IsHumanControllingUs: 0, StartBugReporterOnCrash: 0, Is64bit: 1, IsPro: 0

 COMMAND LINE ARGUMENTS:
C:\Program Files\Unity\Hub\Editor\2020.3.5f1\Editor\Unity.exe
-adb2
-batchMode
-noUpm
-name
AssetImportWorker0
-projectPath
D:/Productivity/Unity Games/Unfinished/Grapple
-logFile
Logs/AssetImportWorker0.log
-srvPort
50858
Successfully changed project path to: D:/Productivity/Unity Games/Unfinished/Grapple
D:/Productivity/Unity Games/Unfinished/Grapple
Using Asset Import Pipeline V2.
Refreshing native plugins compatible for Editor in 51.99 ms, found 4 plugins.
Preloading 0 native plugins for Editor in 0.00 ms.
Initialize engine version: 2020.3.5f1 (8095aa901b9b)
[Subsystems] Discovering subsystems at path C:/Program Files/Unity/Hub/Editor/2020.3.5f1/Editor/Data/Resources/UnitySubsystems
[Subsystems] Discovering subsystems at path D:/Productivity/Unity Games/Unfinished/Grapple/Assets
GfxDevice: creating device client; threaded=0
Direct3D:
    Version:  Direct3D 11.0 [level 11.1]
    Renderer: AMD Radeon RX 5700 XT (ID=0x731f)
    Vendor:   
    VRAM:     8151 MB
    Driver:   27.20.15003.1004
Shader 'Universal Render Pipeline/Particles/Lit': fallback shader 'Universal Render Pipeline/Particles/SimpleLit' not found
Initialize mono
Mono path[0] = 'C:/Program Files/Unity/Hub/Editor/2020.3.5f1/Editor/Data/Managed'
Mono path[1] = 'C:/Program Files/Unity/Hub/Editor/2020.3.5f1/Editor/Data/MonoBleedingEdge/lib/mono/unityjit'
Mono config path = 'C:/Program Files/Unity/Hub/Editor/2020.3.5f1/Editor/Data/MonoBleedingEdge/etc'
Using monoOptions --debugger-agent=transport=dt_socket,embedding=1,server=y,suspend=n,address=127.0.0.1:56460
Begin MonoManager ReloadAssembly
Registering precompiled unity dll's ...
Register platform support module: C:/Program Files/Unity/Hub/Editor/2020.3.5f1/Editor/Data/PlaybackEngines/WebGLSupport/UnityEditor.WebGL.Extensions.dll
Register platform support module: C:/Program Files/Unity/Hub/Editor/2020.3.5f1/Editor/Data/PlaybackEngines/MacStandaloneSupport/UnityEditor.OSXStandalone.Extensions.dll
Register platform support module: C:/Program Files/Unity/Hub/Editor/2020.3.5f1/Editor/Data/PlaybackEngines/WindowsStandaloneSupport/UnityEditor.WindowsStandalone.Extensions.dll
Register platform support module: C:/Program Files/Unity/Hub/Editor/2020.3.5f1/Editor/Data/PlaybackEngines/LinuxStandaloneSupport/UnityEditor.LinuxStandalone.Extensions.dll
Registered in 0.002343 seconds.
Native extension for LinuxStandalone target not found
Native extension for WindowsStandalone target not found
Native extension for OSXStandalone target not found
Native extension for WebGL target not found
Refreshing native plugins compatible for Editor in 50.22 ms, found 4 plugins.
Preloading 0 native plugins for Editor in 0.00 ms.
Mono: successfully reloaded assembly
- Completed reload, in  0.954 seconds
Platform modules already initialized, skipping
Registering precompiled user dll's ...
Registered in 0.002176 seconds.
Begin MonoManager ReloadAssembly
Native extension for LinuxStandalone target not found
Native extension for WindowsStandalone target not found
Native extension for OSXStandalone target not found
Native extension for WebGL target not found
Refreshing native plugins compatible for Editor in 51.08 ms, found 4 plugins.
Preloading 0 native plugins for Editor in 0.00 ms.
Find all reader and writers took 74 milliseconds
Script Module: UnityEngine.UI.dll
Weave behaviours and messages took62 milliseconds
Find all reader and writers took 59 milliseconds
Script Module: Unity.RenderPipelines.Core.Runtime.dll
Weave behaviours and messages took38 milliseconds
Find all reader and writers took 57 milliseconds
Script Module: UnityEngine.TestRunner.dll
Weave behaviours and messages took20 milliseconds
Find all reader and writers took 59 milliseconds
Script Module: Unity.Mathematics.dll
Weave behaviours and messages took132 milliseconds
Find all reader and writers took 48 milliseconds
Script Module: SimpleWebTransport.dll
Weave behaviours and messages took3 milliseconds
Find all reader and writers took 65 milliseconds
Script Module: Unity.RenderPipelines.Universal.Runtime.dll
Weave behaviours and messages took42 milliseconds
Exception :System.IO.IOException: Sharing violation on path D:\Productivity\Unity Games\Unfinished\Grapple\Library\ScriptAssemblies\Unity.TextMeshPro.dll
  at System.IO.FileStream..ctor (System.String path, System.IO.FileMode mode, System.IO.FileAccess access, System.IO.FileShare share, System.Int32 bufferSize, System.Boolean anonymous, System.IO.FileOptions options) [0x0019e] in <695d1cc93cca45069c528c15c9fdd749>:0 
  at System.IO.FileStream..ctor (System.String path, System.IO.FileMode mode, System.IO.FileAccess access, System.IO.FileShare share) [0x00000] in <695d1cc93cca45069c528c15c9fdd749>:0 
  at (wrapper remoting-invoke-with-check) System.IO.FileStream..ctor(string,System.IO.FileMode,System.IO.FileAccess,System.IO.FileShare)
  at Mono.CecilX.ModuleDefinition.GetFileStream (System.String fileName, System.IO.FileMode mode, System.IO.FileAccess access, System.IO.FileShare share) [0x00006] in <9a2bc2dadc3549b3bfc74bb584d58989>:0 
  at Mono.CecilX.ModuleDefinition.ReadModule (System.String fileName, Mono.CecilX.ReaderParameters parameters) [0x00008] in <9a2bc2dadc3549b3bfc74bb584d58989>:0 
  at Mono.CecilX.AssemblyDefinition.ReadAssembly (System.String fileName, Mono.CecilX.ReaderParameters parameters) [0x00000] in <9a2bc2dadc3549b3bfc74bb584d58989>:0 
  at Mirror.Weaver.Weaver.Weave (System.String assName, System.Collections.Generic.IEnumerable`1[T] dependencies) [0x00006] in D:\Productivity\Unity Games\Unfinished\Grapple\Assets\Plugins\Mirror\Editor\Weaver\Weaver.cs:176 
  at Mirror.Weaver.Weaver.WeaveAssembly (System.String assembly, System.Collections.Generic.IEnumerable`1[T] dependencies) [0x00006] in D:\Productivity\Unity Games\Unfinished\Grapple\Assets\Plugins\Mirror\Editor\Weaver\Weaver.cs:247 
UnityEngine.StackTraceUtility:ExtractStackTrace ()
UnityEngine.DebugLogHandler:LogFormat (UnityEngine.LogType,UnityEngine.Object,string,object[])
UnityEngine.Logger:Log (UnityEngine.LogType,object)
UnityEngine.Debug:LogError (object)
Mirror.Weaver.CompilationFinishedHook:HandleError (string) (at Assets/Plugins/Mirror/Editor/Weaver/CompilationFinishedHook.cs:35)
Mirror.Weaver.Weaver:WeaveAssembly (string,System.Collections.Generic.IEnumerable`1<string>) (at Assets/Plugins/Mirror/Editor/Weaver/Weaver.cs:251)
Mirror.Weaver.CompilationFinishedHook:OnCompilationFinished (string,UnityEditor.Compilation.CompilerMessage[]) (at Assets/Plugins/Mirror/Editor/Weaver/CompilationFinishedHook.cs:142)
Mirror.Weaver.CompilationFinishedHook:WeaveExistingAssemblies () (at Assets/Plugins/Mirror/Editor/Weaver/CompilationFinishedHook.cs:62)
Mirror.Weaver.CompilationFinishedHook:OnInitializeOnLoad () (at Assets/Plugins/Mirror/Editor/Weaver/CompilationFinishedHook.cs:52)

(Filename: Assets/Plugins/Mirror/Editor/Weaver/CompilationFinishedHook.cs Line: 35)

Weaving failed for: Library/ScriptAssemblies/Unity.TextMeshPro.dll
UnityEngine.StackTraceUtility:ExtractStackTrace ()
UnityEngine.DebugLogHandler:LogFormat (UnityEngine.LogType,UnityEngine.Object,string,object[])
UnityEngine.Logger:Log (UnityEngine.LogType,object)
UnityEngine.Debug:LogError (object)
Mirror.Weaver.CompilationFinishedHook:OnCompilationFinished (string,UnityEditor.Compilation.CompilerMessage[]) (at Assets/Plugins/Mirror/Editor/Weaver/CompilationFinishedHook.cs:146)
Mirror.Weaver.CompilationFinishedHook:WeaveExistingAssemblies () (at Assets/Plugins/Mirror/Editor/Weaver/CompilationFinishedHook.cs:62)
Mirror.Weaver.CompilationFinishedHook:OnInitializeOnLoad () (at Assets/Plugins/Mirror/Editor/Weaver/CompilationFinishedHook.cs:52)

(Filename: Assets/Plugins/Mirror/Editor/Weaver/CompilationFinishedHook.cs Line: 146)

Find all reader and writers took 51 milliseconds
Script Module: Unity.Timeline.dll
Weave behaviours and messages took21 milliseconds
Find all reader and writers took 50 milliseconds
Script Module: Telepathy.dll
Weave behaviours and messages took1 milliseconds
Find all reader and writers took 53 milliseconds
Script Module: Boxophobic.Utils.Scripts.dll
Weave behaviours and messages took0 milliseconds
Find all reader and writers took 54 milliseconds
Script Module: Mirror.Cloud.dll
Weave behaviours and messages took1 milliseconds
Find all reader and writers took 49 milliseconds
Script Module: kcp2k.dll
Weave behaviours and messages took2 milliseconds
Find all reader and writers took 53 milliseconds
Script Module: Unity.Recorder.dll
Weave behaviours and messages took1 milliseconds
Find all reader and writers took 54 milliseconds
Script Module: Assembly-CSharp-firstpass.dll
Weave behaviours and messages took6 milliseconds
Find all reader and writers took 46 milliseconds
Script Module: Unity.RenderPipelines.Core.ShaderLibrary.dll
Weave behaviours and messages took0 milliseconds
Find all reader and writers took 49 milliseconds
Script Module: Unity.Recorder.Base.dll
Weave behaviours and messages took0 milliseconds
Find all reader and writers took 48 milliseconds
Script Module: Unity.RenderPipeline.Universal.ShaderLibrary.dll
Weave behaviours and messages took0 milliseconds
Find all reader and writers took 50 milliseconds
Script Module: Unity.RenderPipelines.Universal.Shaders.dll
Weave behaviours and messages took0 milliseconds
Find all reader and writers took 49 milliseconds
Script Module: Unity.RenderPipelines.ShaderGraph.ShaderGraphLibrary.dll
Weave behaviours and messages took0 milliseconds
Find all reader and writers took 72 milliseconds
Script Module: UnityEditor.TestRunner.dll
Weave behaviours and messages took27 milliseconds
Find all reader and writers took 55 milliseconds
Script Module: Unity.Toolchain.Win-x86_64-Linux-x86_64.dll
Weave behaviours and messages took0 milliseconds
Find all reader and writers took 47 milliseconds
Script Module: Mirror.CompilerSymbols.dll
Weave behaviours and messages took0 milliseconds
Find all reader and writers took 65 milliseconds
Script Module: UnityEditor.UI.dll
Weave behaviours and messages took13 milliseconds
Find all reader and writers took 59 milliseconds
Script Module: Unity.ShaderGraph.Utilities.dll
Weave behaviours and messages took0 milliseconds
Find all reader and writers took 48 milliseconds
Script Module: Unity.Sysroot.Linux_x86_64.dll
Weave behaviours and messages took0 milliseconds
Mono: successfully reloaded assembly
- Completed reload, in  5.143 seconds
Platform modules already initialized, skipping
========================================================================
Worker process is ready to serve import requests
Shader 'Universal Render Pipeline/Particles/Lit': fallback shader 'Universal Render Pipeline/Particles/SimpleLit' not found
Launched and connected shader compiler UnityShaderCompiler.exe after 0.04 seconds
Refreshing native plugins compatible for Editor in 0.70 ms, found 4 plugins.
Preloading 0 native plugins for Editor in 0.00 ms.
Unloading 3068 Unused Serialized files (Serialized files now loaded: 0)
System memory in use before: 139.4 MB.
System memory in use after: 139.6 MB.

Unloading 28 unused Assets to reduce memory usage. Loaded Objects now: 3502.
Total: 3.208200 ms (FindLiveObjects: 0.444800 ms CreateObjectMapping: 0.084500 ms MarkObjects: 2.644200 ms  DeleteObjects: 0.033800 ms)

========================================================================
Received Prepare
Registering precompiled user dll's ...
Registered in 0.002376 seconds.
Begin MonoManager ReloadAssembly
Native extension for LinuxStandalone target not found
Native extension for WindowsStandalone target not found
Native extension for OSXStandalone target not found
Native extension for WebGL target not found
Refreshing native plugins compatible for Editor in 0.69 ms, found 4 plugins.
Preloading 0 native plugins for Editor in 0.00 ms.
Mono: successfully reloaded assembly
- Completed reload, in  0.734 seconds
Platform modules already initialized, skipping
Shader 'Universal Render Pipeline/Particles/Lit': fallback shader 'Universal Render Pipeline/Particles/SimpleLit' not found
Refreshing native plugins compatible for Editor in 0.70 ms, found 4 plugins.
Preloading 0 native plugins for Editor in 0.00 ms.
Unloading 2937 Unused Serialized files (Serialized files now loaded: 0)
System memory in use before: 130.2 MB.
System memory in use after: 130.4 MB.

Unloading 24 unused Assets to reduce memory usage. Loaded Objects now: 3505.
Total: 2.342300 ms (FindLiveObjects: 0.478800 ms CreateObjectMapping: 0.093700 ms MarkObjects: 1.746300 ms  DeleteObjects: 0.021700 ms)

========================================================================
Received Prepare
Registering precompiled user dll's ...
Registered in 0.002476 seconds.
Begin MonoManager ReloadAssembly
Native extension for LinuxStandalone target not found
Native extension for WindowsStandalone target not found
Native extension for OSXStandalone target not found
Native extension for WebGL target not found
Refreshing native plugins compatible for Editor in 0.70 ms, found 4 plugins.
Preloading 0 native plugins for Editor in 0.00 ms.
Mono: successfully reloaded assembly
- Completed reload, in  0.805 seconds
Platform modules already initialized, skipping
Shader 'Universal Render Pipeline/Particles/Lit': fallback shader 'Universal Render Pipeline/Particles/SimpleLit' not found
Refreshing native plugins compatible for Editor in 0.69 ms, found 4 plugins.
Preloading 0 native plugins for Editor in 0.00 ms.
Unloading 2937 Unused Serialized files (Serialized files now loaded: 0)
System memory in use before: 130.3 MB.
System memory in use after: 130.5 MB.

Unloading 24 unused Assets to reduce memory usage. Loaded Objects now: 3508.
Total: 2.377900 ms (FindLiveObjects: 0.439600 ms CreateObjectMapping: 0.081100 ms MarkObjects: 1.833600 ms  DeleteObjects: 0.021900 ms)

========================================================================
Received Prepare
Registering precompiled user dll's ...
Registered in 0.002566 seconds.
Begin MonoManager ReloadAssembly
Native extension for LinuxStandalone target not found
Native extension for WindowsStandalone target not found
Native extension for OSXStandalone target not found
Native extension for WebGL target not found
Refreshing native plugins compatible for Editor in 0.74 ms, found 4 plugins.
Preloading 0 native plugins for Editor in 0.00 ms.
Mono: successfully reloaded assembly
- Completed reload, in  0.780 seconds
Platform modules already initialized, skipping
Shader 'Universal Render Pipeline/Particles/Lit': fallback shader 'Universal Render Pipeline/Particles/SimpleLit' not found
Refreshing native plugins compatible for Editor in 0.70 ms, found 4 plugins.
Preloading 0 native plugins for Editor in 0.00 ms.
Unloading 2937 Unused Serialized files (Serialized files now loaded: 0)
System memory in use before: 130.3 MB.
System memory in use after: 130.5 MB.

Unloading 24 unused Assets to reduce memory usage. Loaded Objects now: 3511.
Total: 2.428600 ms (FindLiveObjects: 0.366000 ms CreateObjectMapping: 0.089200 ms MarkObjects: 1.944700 ms  DeleteObjects: 0.027700 ms)

========================================================================
Received Prepare
Registering precompiled user dll's ...
Registered in 0.002709 seconds.
Begin MonoManager ReloadAssembly
Native extension for LinuxStandalone target not found
Native extension for WindowsStandalone target not found
Native extension for OSXStandalone target not found
Native extension for WebGL target not found
Refreshing native plugins compatible for Editor in 0.68 ms, found 4 plugins.
Preloading 0 native plugins for Editor in 0.00 ms.
Mono: successfully reloaded assembly
- Completed reload, in  0.831 seconds
Platform modules already initialized, skipping
Shader 'Universal Render Pipeline/Particles/Lit': fallback shader 'Universal Render Pipeline/Particles/SimpleLit' not found
Refreshing native plugins compatible for Editor in 0.68 ms, found 4 plugins.
Preloading 0 native plugins for Editor in 0.00 ms.
Unloading 2937 Unused Serialized files (Serialized files now loaded: 0)
System memory in use before: 130.3 MB.
System memory in use after: 130.5 MB.

Unloading 24 unused Assets to reduce memory usage. Loaded Objects now: 3514.
Total: 2.172600 ms (FindLiveObjects: 0.337500 ms CreateObjectMapping: 0.081300 ms MarkObjects: 1.732000 ms  DeleteObjects: 0.020800 ms)

========================================================================
Received Prepare
Registering precompiled user dll's ...
Registered in 0.002633 seconds.
Begin MonoManager ReloadAssembly
Native extension for LinuxStandalone target not found
Native extension for WindowsStandalone target not found
Native extension for OSXStandalone target not found
Native extension for WebGL target not found
Refreshing native plugins compatible for Editor in 0.72 ms, found 4 plugins.
Preloading 0 native plugins for Editor in 0.00 ms.
Mono: successfully reloaded assembly
- Completed reload, in  0.778 seconds
Platform modules already initialized, skipping
Shader 'Universal Render Pipeline/Particles/Lit': fallback shader 'Universal Render Pipeline/Particles/SimpleLit' not found
Refreshing native plugins compatible for Editor in 0.70 ms, found 4 plugins.
Preloading 0 native plugins for Editor in 0.00 ms.
Unloading 2937 Unused Serialized files (Serialized files now loaded: 0)
System memory in use before: 130.5 MB.
System memory in use after: 130.8 MB.

Unloading 24 unused Assets to reduce memory usage. Loaded Objects now: 3517.
Total: 2.495300 ms (FindLiveObjects: 0.476200 ms CreateObjectMapping: 0.085200 ms MarkObjects: 1.904200 ms  DeleteObjects: 0.028200 ms)

========================================================================
Received Import Request.
  path: Assets/Scripts/Player/Movement/PlayerMovement.cs
  artifactKey: Guid(eee94585e672f8748856052de5ad99df) Importer(815301076,1909f56bfc062723c751e8b465ee728b)
Start importing Assets/Scripts/Player/Movement/PlayerMovement.cs using Guid(eee94585e672f8748856052de5ad99df) Importer(815301076,1909f56bfc062723c751e8b465ee728b)  -> (artifact id: '910ed5b4aedce2c3167d75015a97c703') in 0.024509 seconds
  Import took 0.029264 seconds .

========================================================================
Received Import Request.
  Time since last request: 0.000863 seconds.
  path: Assets/Scripts/Player/Movement/PlayerMovement.cs
  artifactKey: Guid(eee94585e672f8748856052de5ad99df) Importer(815301076,1909f56bfc062723c751e8b465ee728b)
Start importing Assets/Scripts/Player/Movement/PlayerMovement.cs using Guid(eee94585e672f8748856052de5ad99df) Importer(815301076,1909f56bfc062723c751e8b465ee728b)  -> (artifact id: '910ed5b4aedce2c3167d75015a97c703') in 0.001252 seconds
  Import took 0.004400 seconds .

========================================================================
Received Import Request.
  Time since last request: 400.537068 seconds.
  path: Assets/Scripts/Player/Movement/PlayerMovement.cs
  artifactKey: Guid(eee94585e672f8748856052de5ad99df) Importer(815301076,1909f56bfc062723c751e8b465ee728b)
Start importing Assets/Scripts/Player/Movement/PlayerMovement.cs using Guid(eee94585e672f8748856052de5ad99df) Importer(815301076,1909f56bfc062723c751e8b465ee728b)  -> (artifact id: '0737891d785cbb02f3e19972e331d1d8') in 0.002171 seconds
  Import took 0.008599 seconds .

========================================================================
Received Prepare
Registering precompiled user dll's ...
Registered in 0.002496 seconds.
Begin MonoManager ReloadAssembly
Native extension for LinuxStandalone target not found
Native extension for WindowsStandalone target not found
Native extension for OSXStandalone target not found
Native extension for WebGL target not found
Refreshing native plugins compatible for Editor in 0.71 ms, found 4 plugins.
Preloading 0 native plugins for Editor in 0.00 ms.
Mono: successfully reloaded assembly
- Completed reload, in  0.822 seconds
Platform modules already initialized, skipping
Shader 'Universal Render Pipeline/Particles/Lit': fallback shader 'Universal Render Pipeline/Particles/SimpleLit' not found
Refreshing native plugins compatible for Editor in 0.79 ms, found 4 plugins.
Preloading 0 native plugins for Editor in 0.00 ms.
Unloading 2937 Unused Serialized files (Serialized files now loaded: 0)
System memory in use before: 130.6 MB.
System memory in use after: 130.8 MB.

Unloading 24 unused Assets to reduce memory usage. Loaded Objects now: 3520.
Total: 2.552600 ms (FindLiveObjects: 0.411100 ms CreateObjectMapping: 0.095700 ms MarkObjects: 2.017400 ms  DeleteObjects: 0.027300 ms)

========================================================================
Received Import Request.
  Time since last request: 6.825299 seconds.
  path: Assets/Scripts/Player/Movement/PlayerMovement.cs
  artifactKey: Guid(eee94585e672f8748856052de5ad99df) Importer(815301076,1909f56bfc062723c751e8b465ee728b)
Start importing Assets/Scripts/Player/Movement/PlayerMovement.cs using Guid(eee94585e672f8748856052de5ad99df) Importer(815301076,1909f56bfc062723c751e8b465ee728b)  -> (artifact id: '6088f2c777403547a806916550201037') in 0.005769 seconds
  Import took 0.011917 seconds .

========================================================================
Received Import Request.
  Time since last request: 0.055321 seconds.
  path: Assets/Scripts/Player/Movement/PlayerMovement.cs
  artifactKey: Guid(eee94585e672f8748856052de5ad99df) Importer(815301076,1909f56bfc062723c751e8b465ee728b)
Start importing Assets/Scripts/Player/Movement/PlayerMovement.cs using Guid(eee94585e672f8748856052de5ad99df) Importer(815301076,1909f56bfc062723c751e8b465ee728b)  -> (artifact id: '6088f2c777403547a806916550201037') in 0.001948 seconds
  Import took 0.007496 seconds .

========================================================================
Received Prepare
Registering precompiled user dll's ...
Registered in 0.003003 seconds.
Begin MonoManager ReloadAssembly
Native extension for LinuxStandalone target not found
Native extension for WindowsStandalone target not found
Native extension for OSXStandalone target not found
Native extension for WebGL target not found
Refreshing native plugins compatible for Editor in 0.86 ms, found 4 plugins.
Preloading 0 native plugins for Editor in 0.00 ms.
Mono: successfully reloaded assembly
- Completed reload, in  1.039 seconds
Platform modules already initialized, skipping
Shader 'Universal Render Pipeline/Particles/Lit': fallback shader 'Universal Render Pipeline/Particles/SimpleLit' not found
Refreshing native plugins compatible for Editor in 1.20 ms, found 4 plugins.
Preloading 0 native plugins for Editor in 0.00 ms.
Unloading 2937 Unused Serialized files (Serialized files now loaded: 0)
System memory in use before: 130.6 MB.
System memory in use after: 130.8 MB.

Unloading 24 unused Assets to reduce memory usage. Loaded Objects now: 3523.
Total: 3.459900 ms (FindLiveObjects: 0.622100 ms CreateObjectMapping: 0.126500 ms MarkObjects: 2.679100 ms  DeleteObjects: 0.030500 ms)

========================================================================
Received Import Request.
  Time since last request: 6.010587 seconds.
  path: Assets/Scripts/Player/Movement/PlayerMovement.cs
  artifactKey: Guid(eee94585e672f8748856052de5ad99df) Importer(815301076,1909f56bfc062723c751e8b465ee728b)
Start importing Assets/Scripts/Player/Movement/PlayerMovement.cs using Guid(eee94585e672f8748856052de5ad99df) Importer(815301076,1909f56bfc062723c751e8b465ee728b)  -> (artifact id: 'fb0a5701cc31796868e436e663cb86e3') in 0.005215 seconds
  Import took 0.009434 seconds .

========================================================================
Received Prepare
Registering precompiled user dll's ...
Registered in 0.002877 seconds.
Begin MonoManager ReloadAssembly
Native extension for LinuxStandalone target not found
Native extension for WindowsStandalone target not found
Native extension for OSXStandalone target not found
Native extension for WebGL target not found
Refreshing native plugins compatible for Editor in 0.75 ms, found 4 plugins.
Preloading 0 native plugins for Editor in 0.00 ms.
Mono: successfully reloaded assembly
- Completed reload, in  0.788 seconds
Platform modules already initialized, skipping
Shader 'Universal Render Pipeline/Particles/Lit': fallback shader 'Universal Render Pipeline/Particles/SimpleLit' not found
Refreshing native plugins compatible for Editor in 0.73 ms, found 4 plugins.
Preloading 0 native plugins for Editor in 0.00 ms.
Unloading 2937 Unused Serialized files (Serialized files now loaded: 0)
System memory in use before: 130.6 MB.
System memory in use after: 130.8 MB.

Unloading 24 unused Assets to reduce memory usage. Loaded Objects now: 3526.
Total: 2.998900 ms (FindLiveObjects: 0.415000 ms CreateObjectMapping: 0.099000 ms MarkObjects: 2.454100 ms  DeleteObjects: 0.029400 ms)

========================================================================
Received Import Request.
  Time since last request: 12.002475 seconds.
  path: Assets/Scripts/Player/Movement/PlayerMovement.cs
  artifactKey: Guid(eee94585e672f8748856052de5ad99df) Importer(815301076,1909f56bfc062723c751e8b465ee728b)
Start importing Assets/Scripts/Player/Movement/PlayerMovement.cs using Guid(eee94585e672f8748856052de5ad99df) Importer(815301076,1909f56bfc062723c751e8b465ee728b)  -> (artifact id: 'e065f9d580f9e11b3e823cfd894edc7e') in 0.006977 seconds
  Import took 0.018634 seconds .

========================================================================
Received Prepare
Registering precompiled user dll's ...
Registered in 0.002547 seconds.
Begin MonoManager ReloadAssembly
Native extension for LinuxStandalone target not found
Native extension for WindowsStandalone target not found
Native extension for OSXStandalone target not found
Native extension for WebGL target not found
Refreshing native plugins compatible for Editor in 0.71 ms, found 4 plugins.
Preloading 0 native plugins for Editor in 0.00 ms.
Mono: successfully reloaded assembly
- Completed reload, in  0.768 seconds
Platform modules already initialized, skipping
Shader 'Universal Render Pipeline/Particles/Lit': fallback shader 'Universal Render Pipeline/Particles/SimpleLit' not found
Refreshing native plugins compatible for Editor in 0.74 ms, found 4 plugins.
Preloading 0 native plugins for Editor in 0.00 ms.
Unloading 2937 Unused Serialized files (Serialized files now loaded: 0)
System memory in use before: 130.6 MB.
System memory in use after: 130.8 MB.

Unloading 24 unused Assets to reduce memory usage. Loaded Objects now: 3529.
Total: 2.637800 ms (FindLiveObjects: 0.451900 ms CreateObjectMapping: 0.093300 ms MarkObjects: 2.062200 ms  DeleteObjects: 0.029300 ms)

========================================================================
Received Import Request.
  Time since last request: 138.156499 seconds.
  path: Assets/Scripts/Player/Movement/PlayerMovement.cs
  artifactKey: Guid(eee94585e672f8748856052de5ad99df) Importer(815301076,1909f56bfc062723c751e8b465ee728b)
Start importing Assets/Scripts/Player/Movement/PlayerMovement.cs using Guid(eee94585e672f8748856052de5ad99df) Importer(815301076,1909f56bfc062723c751e8b465ee728b)  -> (artifact id: 'c54fce69d6182f116812968100ff3de8') in 0.014124 seconds
  Import took 0.020051 seconds .

========================================================================
Received Import Request.
  Time since last request: 0.002877 seconds.
  path: Assets/Scripts/Player/Movement/PlayerMovement.cs
  artifactKey: Guid(eee94585e672f8748856052de5ad99df) Importer(815301076,1909f56bfc062723c751e8b465ee728b)
Start importing Assets/Scripts/Player/Movement/PlayerMovement.cs using Guid(eee94585e672f8748856052de5ad99df) Importer(815301076,1909f56bfc062723c751e8b465ee728b)  -> (artifact id: 'c54fce69d6182f116812968100ff3de8') in 0.001725 seconds
  Import took 0.007476 seconds .

========================================================================
Received Import Request.
  Time since last request: 6.159012 seconds.
  path: Assets/Scripts/Player/Movement/PlayerMovement.cs
  artifactKey: Guid(eee94585e672f8748856052de5ad99df) Importer(815301076,1909f56bfc062723c751e8b465ee728b)
Start importing Assets/Scripts/Player/Movement/PlayerMovement.cs using Guid(eee94585e672f8748856052de5ad99df) Importer(815301076,1909f56bfc062723c751e8b465ee728b)  -> (artifact id: '32c9c0d803ab2f8f8508ded6dcce4256') in 0.001431 seconds
  Import took 0.007024 seconds .

========================================================================
Received Import Request.
  Time since last request: 0.003133 seconds.
  path: Assets/Scripts/Player/Movement/PlayerMovement.cs
  artifactKey: Guid(eee94585e672f8748856052de5ad99df) Importer(815301076,1909f56bfc062723c751e8b465ee728b)
Start importing Assets/Scripts/Player/Movement/PlayerMovement.cs using Guid(eee94585e672f8748856052de5ad99df) Importer(815301076,1909f56bfc062723c751e8b465ee728b)  -> (artifact id: '32c9c0d803ab2f8f8508ded6dcce4256') in 0.001584 seconds
  Import took 0.006805 seconds .

========================================================================
Received Prepare
Registering precompiled user dll's ...
Registered in 0.002685 seconds.
Begin MonoManager ReloadAssembly
Native extension for LinuxStandalone target not found
Native extension for WindowsStandalone target not found
Native extension for OSXStandalone target not found
Native extension for WebGL target not found
Refreshing native plugins compatible for Editor in 0.70 ms, found 4 plugins.
Preloading 0 native plugins for Editor in 0.00 ms.
Mono: successfully reloaded assembly
- Completed reload, in  0.797 seconds
Platform modules already initialized, skipping
Shader 'Universal Render Pipeline/Particles/Lit': fallback shader 'Universal Render Pipeline/Particles/SimpleLit' not found
Refreshing native plugins compatible for Editor in 1.10 ms, found 4 plugins.
Preloading 0 native plugins for Editor in 0.00 ms.
Unloading 2937 Unused Serialized files (Serialized files now loaded: 0)
System memory in use before: 130.6 MB.
System memory in use after: 130.8 MB.

Unloading 24 unused Assets to reduce memory usage. Loaded Objects now: 3532.
Total: 2.165700 ms (FindLiveObjects: 0.357200 ms CreateObjectMapping: 0.083800 ms MarkObjects: 1.706200 ms  DeleteObjects: 0.017600 ms)

========================================================================
Received Import Request.
  Time since last request: 9.587417 seconds.
  path: Assets/Scripts/Player/Movement/PlayerMovement.cs
  artifactKey: Guid(eee94585e672f8748856052de5ad99df) Importer(815301076,1909f56bfc062723c751e8b465ee728b)
Start importing Assets/Scripts/Player/Movement/PlayerMovement.cs using Guid(eee94585e672f8748856052de5ad99df) Importer(815301076,1909f56bfc062723c751e8b465ee728b)  -> (artifact id: 'dc504ac16e66219ac238623581fa6460') in 0.005999 seconds
  Import took 0.027482 seconds .

========================================================================
Received Prepare
Registering precompiled user dll's ...
Registered in 0.002674 seconds.
Begin MonoManager ReloadAssembly
Native extension for LinuxStandalone target not found
Native extension for WindowsStandalone target not found
Native extension for OSXStandalone target not found
Native extension for WebGL target not found
Refreshing native plugins compatible for Editor in 0.76 ms, found 4 plugins.
Preloading 0 native plugins for Editor in 0.00 ms.
Mono: successfully reloaded assembly
- Completed reload, in  0.788 seconds
Platform modules already initialized, skipping
Shader 'Universal Render Pipeline/Particles/Lit': fallback shader 'Universal Render Pipeline/Particles/SimpleLit' not found
Refreshing native plugins compatible for Editor in 0.75 ms, found 4 plugins.
Preloading 0 native plugins for Editor in 0.00 ms.
Unloading 2937 Unused Serialized files (Serialized files now loaded: 0)
System memory in use before: 130.6 MB.
System memory in use after: 130.8 MB.

Unloading 24 unused Assets to reduce memory usage. Loaded Objects now: 3535.
Total: 2.532100 ms (FindLiveObjects: 0.491500 ms CreateObjectMapping: 0.101500 ms MarkObjects: 1.918800 ms  DeleteObjects: 0.019000 ms)

========================================================================
Received Import Request.
  Time since last request: 39.871243 seconds.
  path: Assets/Scripts/Player/Movement/PlayerMovement.cs
  artifactKey: Guid(eee94585e672f8748856052de5ad99df) Importer(815301076,1909f56bfc062723c751e8b465ee728b)
Start importing Assets/Scripts/Player/Movement/PlayerMovement.cs using Guid(eee94585e672f8748856052de5ad99df) Importer(815301076,1909f56bfc062723c751e8b465ee728b)  -> (artifact id: 'cd7cb77ca62f642d188d1de36306565c') in 0.006432 seconds
  Import took 0.012328 seconds .

========================================================================
Received Import Request.
  Time since last request: 0.056817 seconds.
  path: Assets/Scripts/Player/Movement/PlayerMovement.cs
  artifactKey: Guid(eee94585e672f8748856052de5ad99df) Importer(815301076,1909f56bfc062723c751e8b465ee728b)
Start importing Assets/Scripts/Player/Movement/PlayerMovement.cs using Guid(eee94585e672f8748856052de5ad99df) Importer(815301076,1909f56bfc062723c751e8b465ee728b)  -> (artifact id: 'cd7cb77ca62f642d188d1de36306565c') in 0.008328 seconds
  Import took 0.013293 seconds .

========================================================================
Received Prepare
Registering precompiled user dll's ...
Registered in 0.003123 seconds.
Begin MonoManager ReloadAssembly
Native extension for LinuxStandalone target not found
Native extension for WindowsStandalone target not found
Native extension for OSXStandalone target not found
Native extension for WebGL target not found
Refreshing native plugins compatible for Editor in 0.73 ms, found 4 plugins.
Preloading 0 native plugins for Editor in 0.00 ms.
Mono: successfully reloaded assembly
- Completed reload, in  0.779 seconds
Platform modules already initialized, skipping
Shader 'Universal Render Pipeline/Particles/Lit': fallback shader 'Universal Render Pipeline/Particles/SimpleLit' not found
Refreshing native plugins compatible for Editor in 0.72 ms, found 4 plugins.
Preloading 0 native plugins for Editor in 0.00 ms.
Unloading 2937 Unused Serialized files (Serialized files now loaded: 0)
System memory in use before: 130.6 MB.
System memory in use after: 130.8 MB.

Unloading 24 unused Assets to reduce memory usage. Loaded Objects now: 3538.
Total: 2.220100 ms (FindLiveObjects: 0.404800 ms CreateObjectMapping: 0.094300 ms MarkObjects: 1.702500 ms  DeleteObjects: 0.017400 ms)

========================================================================
Received Import Request.
  Time since last request: 10.671904 seconds.
  path: Assets/Scripts/Player/Movement/PlayerMovement.cs
  artifactKey: Guid(eee94585e672f8748856052de5ad99df) Importer(815301076,1909f56bfc062723c751e8b465ee728b)
Start importing Assets/Scripts/Player/Movement/PlayerMovement.cs using Guid(eee94585e672f8748856052de5ad99df) Importer(815301076,1909f56bfc062723c751e8b465ee728b)  -> (artifact id: '4b4f9a0e8e926fda5a789fb0fac8380e') in 0.006288 seconds
  Import took 0.013418 seconds .

========================================================================
Received Import Request.
  Time since last request: 0.060133 seconds.
  path: Assets/Scripts/Player/Movement/PlayerMovement.cs
  artifactKey: Guid(eee94585e672f8748856052de5ad99df) Importer(815301076,1909f56bfc062723c751e8b465ee728b)
Start importing Assets/Scripts/Player/Movement/PlayerMovement.cs using Guid(eee94585e672f8748856052de5ad99df) Importer(815301076,1909f56bfc062723c751e8b465ee728b)  -> (artifact id: '4b4f9a0e8e926fda5a789fb0fac8380e') in 0.001574 seconds
  Import took 0.006237 seconds .

========================================================================
Received Prepare
Registering precompiled user dll's ...
Registered in 0.003800 seconds.
Begin MonoManager ReloadAssembly
Native extension for LinuxStandalone target not found
Native extension for WindowsStandalone target not found
Native extension for OSXStandalone target not found
Native extension for WebGL target not found
Refreshing native plugins compatible for Editor in 0.75 ms, found 4 plugins.
Preloading 0 native plugins for Editor in 0.00 ms.
Mono: successfully reloaded assembly
- Completed reload, in  0.822 seconds
Platform modules already initialized, skipping
Shader 'Universal Render Pipeline/Particles/Lit': fallback shader 'Universal Render Pipeline/Particles/SimpleLit' not found
Refreshing native plugins compatible for Editor in 0.70 ms, found 4 plugins.
Preloading 0 native plugins for Editor in 0.00 ms.
Unloading 2937 Unused Serialized files (Serialized files now loaded: 0)
System memory in use before: 130.6 MB.
System memory in use after: 130.8 MB.

Unloading 24 unused Assets to reduce memory usage. Loaded Objects now: 3541.
Total: 2.784900 ms (FindLiveObjects: 0.657000 ms CreateObjectMapping: 0.091800 ms MarkObjects: 2.016700 ms  DeleteObjects: 0.018400 ms)

========================================================================
Received Import Request.
  Time since last request: 11.504628 seconds.
  path: Assets/Scripts/Player/Movement/PlayerMovement.cs
  artifactKey: Guid(eee94585e672f8748856052de5ad99df) Importer(815301076,1909f56bfc062723c751e8b465ee728b)
Start importing Assets/Scripts/Player/Movement/PlayerMovement.cs using Guid(eee94585e672f8748856052de5ad99df) Importer(815301076,1909f56bfc062723c751e8b465ee728b)  -> (artifact id: 'da4bb060819d2eb635dbb80689a05ef5') in 0.006036 seconds
  Import took 0.010872 seconds .

========================================================================
Received Import Request.
  Time since last request: 0.000525 seconds.
  path: Assets/Scripts/Player/Movement/PlayerMovement.cs
  artifactKey: Guid(eee94585e672f8748856052de5ad99df) Importer(815301076,1909f56bfc062723c751e8b465ee728b)
Start importing Assets/Scripts/Player/Movement/PlayerMovement.cs using Guid(eee94585e672f8748856052de5ad99df) Importer(815301076,1909f56bfc062723c751e8b465ee728b)  -> (artifact id: 'da4bb060819d2eb635dbb80689a05ef5') in 0.001512 seconds
  Import took 0.006966 seconds .

========================================================================
Received Prepare
Registering precompiled user dll's ...
Registered in 0.002572 seconds.
Begin MonoManager ReloadAssembly
Native extension for LinuxStandalone target not found
Native extension for WindowsStandalone target not found
Native extension for OSXStandalone target not found
Native extension for WebGL target not found
Refreshing native plugins compatible for Editor in 0.72 ms, found 4 plugins.
Preloading 0 native plugins for Editor in 0.00 ms.
Mono: successfully reloaded assembly
- Completed reload, in  0.762 seconds
Platform modules already initialized, skipping
Shader 'Universal Render Pipeline/Particles/Lit': fallback shader 'Universal Render Pipeline/Particles/SimpleLit' not found
Refreshing native plugins compatible for Editor in 0.72 ms, found 4 plugins.
Preloading 0 native plugins for Editor in 0.00 ms.
Unloading 2937 Unused Serialized files (Serialized files now loaded: 0)
System memory in use before: 130.6 MB.
System memory in use after: 130.8 MB.

Unloading 24 unused Assets to reduce memory usage. Loaded Objects now: 3544.
Total: 2.227300 ms (FindLiveObjects: 0.385200 ms CreateObjectMapping: 0.082200 ms MarkObjects: 1.739200 ms  DeleteObjects: 0.019100 ms)

========================================================================
Received Prepare
Registering precompiled user dll's ...
Registered in 0.002880 seconds.
Begin MonoManager ReloadAssembly
Native extension for LinuxStandalone target not found
Native extension for WindowsStandalone target not found
Native extension for OSXStandalone target not found
Native extension for WebGL target not found
Refreshing native plugins compatible for Editor in 0.82 ms, found 4 plugins.
Preloading 0 native plugins for Editor in 0.00 ms.
Mono: successfully reloaded assembly
- Completed reload, in  0.951 seconds
Platform modules already initialized, skipping
Shader 'Universal Render Pipeline/Particles/Lit': fallback shader 'Universal Render Pipeline/Particles/SimpleLit' not found
Refreshing native plugins compatible for Editor in 0.77 ms, found 4 plugins.
Preloading 0 native plugins for Editor in 0.00 ms.
Unloading 2937 Unused Serialized files (Serialized files now loaded: 0)
System memory in use before: 130.6 MB.
System memory in use after: 130.8 MB.

Unloading 24 unused Assets to reduce memory usage. Loaded Objects now: 3547.
Total: 2.635300 ms (FindLiveObjects: 0.667500 ms CreateObjectMapping: 0.090200 ms MarkObjects: 1.852000 ms  DeleteObjects: 0.024000 ms)

========================================================================
Received Prepare
Registering precompiled user dll's ...
Registered in 0.393307 seconds.
Begin MonoManager ReloadAssembly
Native extension for LinuxStandalone target not found
Native extension for WindowsStandalone target not found
Native extension for OSXStandalone target not found
Native extension for WebGL target not found
Refreshing native plugins compatible for Editor in 0.69 ms, found 4 plugins.
Preloading 0 native plugins for Editor in 0.00 ms.
Mono: successfully reloaded assembly
- Completed reload, in  0.871 seconds
Platform modules already initialized, skipping
Shader 'Universal Render Pipeline/Particles/Lit': fallback shader 'Universal Render Pipeline/Particles/SimpleLit' not found
Refreshing native plugins compatible for Editor in 0.70 ms, found 4 plugins.
Preloading 0 native plugins for Editor in 0.00 ms.
Unloading 2937 Unused Serialized files (Serialized files now loaded: 0)
System memory in use before: 130.6 MB.
System memory in use after: 130.9 MB.

Unloading 24 unused Assets to reduce memory usage. Loaded Objects now: 3550.
Total: 2.422300 ms (FindLiveObjects: 0.319900 ms CreateObjectMapping: 0.086500 ms MarkObjects: 1.989000 ms  DeleteObjects: 0.025500 ms)

AssetImportWorkerClient::OnTransportError - code=2 error=End of file
